<?xml version="1.0" encoding="UTF-8"?>
<!-- Generated by org.testng.reporters.JUnitXMLReporter -->
<testsuite ignored="6" hostname="EMEITLP124" failures="0" tests="1" name="Default test" time="0.086" errors="0" timestamp="2022-04-21T20:57:43 IST">
  <testcase classname="com.Eme.pages.BrowserManagement" name="@BeforeMethod launchBrowser" time="-1.650554863299E9">
    <failure type="org.testng.TestNGException" message="
Parameter &amp;apos;browser&amp;apos; is required by BeforeMethod on method launchBrowser but has not been marked @Optional or defined
in C:\Users\Shailendra\AppData\Local\Temp\testng-eclipse-1097002537\testng-customsuite.xml">
      <![CDATA[org.testng.TestNGException: 
Parameter 'browser' is required by BeforeMethod on method launchBrowser but has not been marked @Optional or defined
in C:\Users\Shailendra\AppData\Local\Temp\testng-eclipse-1097002537\testng-customsuite.xml
at org.testng.internal.Parameters.createParams(Parameters.java:270)
at org.testng.internal.Parameters.createParametersForMethod(Parameters.java:358)
at org.testng.internal.Parameters.createParameters(Parameters.java:700)
at org.testng.internal.Parameters.createConfigurationParameters(Parameters.java:168)
at org.testng.internal.ConfigInvoker.invokeConfigurations(ConfigInvoker.java:302)
at org.testng.internal.TestInvoker.runConfigMethods(TestInvoker.java:700)
at org.testng.internal.TestInvoker.invokeMethod(TestInvoker.java:527)
at org.testng.internal.TestInvoker.invokeTestMethod(TestInvoker.java:173)
at org.testng.internal.MethodRunner.runInSequence(MethodRunner.java:46)
at org.testng.internal.TestInvoker$MethodInvocationAgent.invoke(TestInvoker.java:824)
at org.testng.internal.TestInvoker.invokeTestMethods(TestInvoker.java:146)
at org.testng.internal.TestMethodWorker.invokeTestMethods(TestMethodWorker.java:146)
at org.testng.internal.TestMethodWorker.run(TestMethodWorker.java:128)
at java.base/java.util.ArrayList.forEach(ArrayList.java:1511)
at org.testng.TestRunner.privateRun(TestRunner.java:794)
at org.testng.TestRunner.run(TestRunner.java:596)
at org.testng.SuiteRunner.runTest(SuiteRunner.java:377)
at org.testng.SuiteRunner.runSequentially(SuiteRunner.java:371)
at org.testng.SuiteRunner.privateRun(SuiteRunner.java:332)
at org.testng.SuiteRunner.run(SuiteRunner.java:276)
at org.testng.SuiteRunnerWorker.runSuite(SuiteRunnerWorker.java:53)
at org.testng.SuiteRunnerWorker.run(SuiteRunnerWorker.java:96)
at org.testng.TestNG.runSuitesSequentially(TestNG.java:1212)
at org.testng.TestNG.runSuitesLocally(TestNG.java:1134)
at org.testng.TestNG.runSuites(TestNG.java:1063)
at org.testng.TestNG.run(TestNG.java:1031)
at org.testng.remote.AbstractRemoteTestNG.run(AbstractRemoteTestNG.java:115)
at org.testng.remote.RemoteTestNG.initAndRun(RemoteTestNG.java:251)
at org.testng.remote.RemoteTestNG.main(RemoteTestNG.java:77)
]]>
    </failure>
  </testcase> <!-- @BeforeMethod launchBrowser -->
  <testcase classname="com.Eme.testcases.HomePageTestCases" name="@BeforeMethod initializeObjects" time="-1.650554863311E9">
    <skipped/>
  </testcase> <!-- @BeforeMethod initializeObjects -->
  <testcase classname="com.Eme.pages.BrowserManagement" name="@AfterMethod closeBrowser" time="-1.650554863329E9">
    <skipped/>
  </testcase> <!-- @AfterMethod closeBrowser -->
  <testcase classname="com.Eme.testcases.HomePageTestCases" name="sortValTest" time="0.0">
    <skipped/>
  </testcase> <!-- sortValTest -->
  <testcase classname="com.Eme.testcases.HomePageTestCases" name="helplinkTest" time="0.0">
    <ignored/>
  </testcase> <!-- helplinkTest -->
  <testcase classname="com.Eme.testcases.HomePageTestCases" name="menuItemsTest" time="0.0">
    <ignored/>
  </testcase> <!-- menuItemsTest -->
  <testcase classname="com.Eme.testcases.HomePageTestCases" name="logoClickActionTest" time="0.0">
    <ignored/>
  </testcase> <!-- logoClickActionTest -->
  <testcase classname="com.Eme.testcases.HomePageTestCases" name="searchresCountTest" time="0.0">
    <ignored/>
  </testcase> <!-- searchresCountTest -->
  <testcase classname="com.Eme.testcases.HomePageTestCases" name="cartPresence" time="0.0">
    <ignored/>
  </testcase> <!-- cartPresence -->
  <testcase classname="com.Eme.testcases.HomePageTestCases" name="cartCountTest" time="0.0">
    <ignored/>
  </testcase> <!-- cartCountTest -->
</testsuite> <!-- Default test -->
