<?xml version="1.0" encoding="UTF-8"?>
<!-- Generated by org.testng.reporters.JUnitXMLReporter -->
<testsuite ignored="7" hostname="EMEITLP124" failures="1" tests="1" name="Test" time="23.255" errors="0" timestamp="2022-06-20T08:05:09 IST">
  <testcase classname="com.Eme.testcases.HomePageTestCases" name="validateCartCount" time="7.528">
    <failure type="org.openqa.selenium.StaleElementReferenceException" message="stale element reference: element is not attached to the page document
  (Session info: chrome=101.0.4951.54)
For documentation on this error, please visit: https://selenium.dev/exceptions/#stale_element_reference
Build info: version: &amp;apos;4.1.2&amp;apos;, revision: &amp;apos;9a5a329c5a&amp;apos;
System info: host: &amp;apos;EMEITLP124&amp;apos;, ip: &amp;apos;192.168.0.111&amp;apos;, os.name: &amp;apos;Windows 10&amp;apos;, os.arch: &amp;apos;amd64&amp;apos;, os.version: &amp;apos;10.0&amp;apos;, java.version: &amp;apos;17.0.2&amp;apos;
Driver info: org.openqa.selenium.chrome.ChromeDriver
Command: [cd88f10abfda9b53b4aa8695962f513e, clickElement {id=b3411a62-215a-4295-928f-4d7e988db28c}]
Capabilities {acceptInsecureCerts: false, browserName: chrome, browserVersion: 101.0.4951.54, chrome: {chromedriverVersion: 101.0.4951.41 (93c720db8323..., userDataDir: C:\Users\SHAILE~1\AppData\L...}, goog:chromeOptions: {debuggerAddress: localhost:53065}, javascriptEnabled: true, networkConnectionEnabled: false, pageLoadStrategy: normal, platform: WINDOWS, platformName: WINDOWS, proxy: Proxy(), se:cdp: ws://localhost:53065/devtoo..., se:cdpVersion: 101.0.4951.54, setWindowRect: true, strictFileInteractability: false, timeouts: {implicit: 0, pageLoad: 300000, script: 30000}, unhandledPromptBehavior: dismiss and notify, webauthn:extension:credBlob: true, webauthn:extension:largeBlob: true, webauthn:virtualAuthenticators: true}
Element: [[ChromeDriver: chrome on WINDOWS (cd88f10abfda9b53b4aa8695962f513e)] -&amp;gt; xpath: //div[@class=&amp;quot;owl-item active&amp;quot;]/descendant::a/child::img]
Session ID: cd88f10abfda9b53b4aa8695962f513e">
      <![CDATA[org.openqa.selenium.StaleElementReferenceException: stale element reference: element is not attached to the page document
  (Session info: chrome=101.0.4951.54)
For documentation on this error, please visit: https://selenium.dev/exceptions/#stale_element_reference
Build info: version: '4.1.2', revision: '9a5a329c5a'
System info: host: 'EMEITLP124', ip: '192.168.0.111', os.name: 'Windows 10', os.arch: 'amd64', os.version: '10.0', java.version: '17.0.2'
Driver info: org.openqa.selenium.chrome.ChromeDriver
Command: [cd88f10abfda9b53b4aa8695962f513e, clickElement {id=b3411a62-215a-4295-928f-4d7e988db28c}]
Capabilities {acceptInsecureCerts: false, browserName: chrome, browserVersion: 101.0.4951.54, chrome: {chromedriverVersion: 101.0.4951.41 (93c720db8323..., userDataDir: C:\Users\SHAILE~1\AppData\L...}, goog:chromeOptions: {debuggerAddress: localhost:53065}, javascriptEnabled: true, networkConnectionEnabled: false, pageLoadStrategy: normal, platform: WINDOWS, platformName: WINDOWS, proxy: Proxy(), se:cdp: ws://localhost:53065/devtoo..., se:cdpVersion: 101.0.4951.54, setWindowRect: true, strictFileInteractability: false, timeouts: {implicit: 0, pageLoad: 300000, script: 30000}, unhandledPromptBehavior: dismiss and notify, webauthn:extension:credBlob: true, webauthn:extension:largeBlob: true, webauthn:virtualAuthenticators: true}
Element: [[ChromeDriver: chrome on WINDOWS (cd88f10abfda9b53b4aa8695962f513e)] -> xpath: //div[@class="owl-item active"]/descendant::a/child::img]
Session ID: cd88f10abfda9b53b4aa8695962f513e
at org.openqa.selenium.remote.codec.w3c.W3CHttpResponseCodec.createException(W3CHttpResponseCodec.java:200)
at org.openqa.selenium.remote.codec.w3c.W3CHttpResponseCodec.decode(W3CHttpResponseCodec.java:133)
at org.openqa.selenium.remote.codec.w3c.W3CHttpResponseCodec.decode(W3CHttpResponseCodec.java:53)
at org.openqa.selenium.remote.HttpCommandExecutor.execute(HttpCommandExecutor.java:184)
at org.openqa.selenium.remote.service.DriverCommandExecutor.invokeExecute(DriverCommandExecutor.java:167)
at org.openqa.selenium.remote.service.DriverCommandExecutor.execute(DriverCommandExecutor.java:142)
at org.openqa.selenium.remote.RemoteWebDriver.execute(RemoteWebDriver.java:558)
at org.openqa.selenium.remote.RemoteWebElement.execute(RemoteWebElement.java:251)
at org.openqa.selenium.remote.RemoteWebElement.click(RemoteWebElement.java:77)
at com.Eme.pages.HomePage.addProdTocart(HomePage.java:141)
at com.Eme.testcases.HomePageTestCases.validateCartCount(HomePageTestCases.java:77)
at java.base/java.util.ArrayList.forEach(ArrayList.java:1511)
... Removed 32 stack frames]]>
    </failure>
  </testcase> <!-- validateCartCount -->
  <testcase classname="com.Eme.testcases.HomePageTestCases" name="helplinkTest" time="0.0">
    <ignored/>
  </testcase> <!-- helplinkTest -->
  <testcase classname="com.Eme.testcases.HomePageTestCases" name="menuItemsTest" time="0.0">
    <ignored/>
  </testcase> <!-- menuItemsTest -->
  <testcase classname="com.Eme.testcases.HomePageTestCases" name="logoClickActionTest" time="0.0">
    <ignored/>
  </testcase> <!-- logoClickActionTest -->
  <testcase classname="com.Eme.testcases.HomePageTestCases" name="searchresCountTest" time="0.0">
    <ignored/>
  </testcase> <!-- searchresCountTest -->
  <testcase classname="com.Eme.testcases.HomePageTestCases" name="cartPresence" time="0.0">
    <ignored/>
  </testcase> <!-- cartPresence -->
  <testcase classname="com.Eme.testcases.HomePageTestCases" name="sortValTest" time="0.0">
    <ignored/>
  </testcase> <!-- sortValTest -->
  <testcase classname="com.Eme.testcases.HomePageTestCases" name="cartCountTest" time="0.0">
    <ignored/>
  </testcase> <!-- cartCountTest -->
</testsuite> <!-- Test -->
