<?xml version="1.0" encoding="UTF-8"?>
<testng-results ignored="6" total="7" passed="0" failed="1" skipped="0">
  <reporter-output>
  </reporter-output>
  <suite started-at="2022-10-11T23:14:06 IST" name="Suite" finished-at="2022-10-11T23:14:11 IST" duration-ms="5377">
    <groups>
    </groups>
    <test started-at="2022-10-11T23:14:06 IST" name="Test" finished-at="2022-10-11T23:14:11 IST" duration-ms="5377">
      <class name="com.Eme.testcases.cartTestCases">
        <test-method is-config="true" signature="launchBrowser()[pri:0, instance:com.Eme.testcases.cartTestCases@5d534f5d]" started-at="2022-10-11T23:14:06 IST" name="launchBrowser" finished-at="2022-10-11T23:14:10 IST" duration-ms="4564" status="PASS">
          <reporter-output>
          </reporter-output>
        </test-method> <!-- launchBrowser -->
        <test-method is-config="true" signature="initializewebElement()[pri:0, instance:com.Eme.testcases.cartTestCases@5d534f5d]" started-at="2022-10-11T23:14:10 IST" name="initializewebElement" finished-at="2022-10-11T23:14:10 IST" duration-ms="22" status="PASS">
          <reporter-output>
          </reporter-output>
        </test-method> <!-- initializewebElement -->
        <test-method signature="increaseQuantityTest()[pri:0, instance:com.Eme.testcases.cartTestCases@5d534f5d]" started-at="2022-10-11T23:14:10 IST" name="increaseQuantityTest" description="Increase quantity test" finished-at="2022-10-11T23:14:10 IST" duration-ms="5" status="FAIL">
          <exception class="java.lang.NullPointerException">
            <message>
              <![CDATA[Cannot invoke "com.Eme.pages.HomePage.addEyeGlass()" because "this.homePage" is null]]>
            </message>
            <full-stacktrace>
              <![CDATA[java.lang.NullPointerException: Cannot invoke "com.Eme.pages.HomePage.addEyeGlass()" because "this.homePage" is null
at com.Eme.pages.cartOperations.increaseQuantity(cartOperations.java:120)
at com.Eme.testcases.cartTestCases.increaseQuantityTest(cartTestCases.java:65)
at java.base/jdk.internal.reflect.NativeMethodAccessorImpl.invoke0(Native Method)
at java.base/jdk.internal.reflect.NativeMethodAccessorImpl.invoke(NativeMethodAccessorImpl.java:77)
at java.base/jdk.internal.reflect.DelegatingMethodAccessorImpl.invoke(DelegatingMethodAccessorImpl.java:43)
at java.base/java.lang.reflect.Method.invoke(Method.java:568)
at org.testng.internal.MethodInvocationHelper.invokeMethod(MethodInvocationHelper.java:133)
at org.testng.internal.TestInvoker.invokeMethod(TestInvoker.java:598)
at org.testng.internal.TestInvoker.invokeTestMethod(TestInvoker.java:173)
at org.testng.internal.MethodRunner.runInSequence(MethodRunner.java:46)
at org.testng.internal.TestInvoker$MethodInvocationAgent.invoke(TestInvoker.java:824)
at org.testng.internal.TestInvoker.invokeTestMethods(TestInvoker.java:146)
at org.testng.internal.TestMethodWorker.invokeTestMethods(TestMethodWorker.java:146)
at org.testng.internal.TestMethodWorker.run(TestMethodWorker.java:128)
at java.base/java.util.ArrayList.forEach(ArrayList.java:1511)
at org.testng.TestRunner.privateRun(TestRunner.java:794)
at org.testng.TestRunner.run(TestRunner.java:596)
at org.testng.SuiteRunner.runTest(SuiteRunner.java:377)
at org.testng.SuiteRunner.runSequentially(SuiteRunner.java:371)
at org.testng.SuiteRunner.privateRun(SuiteRunner.java:332)
at org.testng.SuiteRunner.run(SuiteRunner.java:276)
at org.testng.SuiteRunnerWorker.runSuite(SuiteRunnerWorker.java:53)
at org.testng.SuiteRunnerWorker.run(SuiteRunnerWorker.java:96)
at org.testng.TestNG.runSuitesSequentially(TestNG.java:1212)
at org.testng.TestNG.runSuitesLocally(TestNG.java:1134)
at org.testng.TestNG.runSuites(TestNG.java:1063)
at org.testng.TestNG.run(TestNG.java:1031)
at org.testng.remote.AbstractRemoteTestNG.run(AbstractRemoteTestNG.java:115)
at org.testng.remote.RemoteTestNG.initAndRun(RemoteTestNG.java:251)
at org.testng.remote.RemoteTestNG.main(RemoteTestNG.java:77)
]]>
            </full-stacktrace>
          </exception> <!-- java.lang.NullPointerException -->
          <reporter-output>
          </reporter-output>
        </test-method> <!-- increaseQuantityTest -->
        <test-method is-config="true" signature="closeBrowser(org.testng.ITestResult)[pri:0, instance:com.Eme.testcases.cartTestCases@5d534f5d]" started-at="2022-10-11T23:14:10 IST" name="closeBrowser" finished-at="2022-10-11T23:14:11 IST" duration-ms="751" status="PASS">
          <params>
            <param index="0">
              <value>
                <![CDATA[[TestResult name=increaseQuantityTest status=FAILURE method=cartTestCases.increaseQuantityTest()[pri:0, instance:com.Eme.testcases.cartTestCases@5d534f5d] output={null}]]]>
              </value>
            </param>
          </params>
          <reporter-output>
          </reporter-output>
        </test-method> <!-- closeBrowser -->
      </class> <!-- com.Eme.testcases.cartTestCases -->
    </test> <!-- Test -->
  </suite> <!-- Suite -->
</testng-results>
