<?xml version="1.0" encoding="UTF-8"?>
<!-- Generated by org.testng.reporters.JUnitReportReporter -->
<testsuite hostname="EMEITLP124" failures="0" tests="7" name="com.Eme.testcases.cartTestCases" time="5.342" errors="1" timestamp="2022-10-11T23:14:11 IST" skipped="6">
  <testcase classname="com.Eme.testcases.cartTestCases" name="increaseQuantityTest" time="5.342">
    <error message="Cannot invoke &quot;com.Eme.pages.HomePage.addEyeGlass()&quot; because &quot;this.homePage&quot; is null" type="java.lang.NullPointerException">
      <![CDATA[java.lang.NullPointerException: Cannot invoke "com.Eme.pages.HomePage.addEyeGlass()" because "this.homePage" is null
at com.Eme.pages.cartOperations.increaseQuantity(cartOperations.java:120)
at com.Eme.testcases.cartTestCases.increaseQuantityTest(cartTestCases.java:65)
at java.base/jdk.internal.reflect.NativeMethodAccessorImpl.invoke0(Native Method)
at java.base/jdk.internal.reflect.NativeMethodAccessorImpl.invoke(NativeMethodAccessorImpl.java:77)
at java.base/jdk.internal.reflect.DelegatingMethodAccessorImpl.invoke(DelegatingMethodAccessorImpl.java:43)
at java.base/java.lang.reflect.Method.invoke(Method.java:568)
at org.testng.internal.MethodInvocationHelper.invokeMethod(MethodInvocationHelper.java:133)
at org.testng.internal.TestInvoker.invokeMethod(TestInvoker.java:598)
at org.testng.internal.TestInvoker.invokeTestMethod(TestInvoker.java:173)
at org.testng.internal.MethodRunner.runInSequence(MethodRunner.java:46)
at org.testng.internal.TestInvoker$MethodInvocationAgent.invoke(TestInvoker.java:824)
at org.testng.internal.TestInvoker.invokeTestMethods(TestInvoker.java:146)
at org.testng.internal.TestMethodWorker.invokeTestMethods(TestMethodWorker.java:146)
at org.testng.internal.TestMethodWorker.run(TestMethodWorker.java:128)
at java.base/java.util.ArrayList.forEach(ArrayList.java:1511)
at org.testng.TestRunner.privateRun(TestRunner.java:794)
at org.testng.TestRunner.run(TestRunner.java:596)
at org.testng.SuiteRunner.runTest(SuiteRunner.java:377)
at org.testng.SuiteRunner.runSequentially(SuiteRunner.java:371)
at org.testng.SuiteRunner.privateRun(SuiteRunner.java:332)
at org.testng.SuiteRunner.run(SuiteRunner.java:276)
at org.testng.SuiteRunnerWorker.runSuite(SuiteRunnerWorker.java:53)
at org.testng.SuiteRunnerWorker.run(SuiteRunnerWorker.java:96)
at org.testng.TestNG.runSuitesSequentially(TestNG.java:1212)
at org.testng.TestNG.runSuitesLocally(TestNG.java:1134)
at org.testng.TestNG.runSuites(TestNG.java:1063)
at org.testng.TestNG.run(TestNG.java:1031)
at org.testng.remote.AbstractRemoteTestNG.run(AbstractRemoteTestNG.java:115)
at org.testng.remote.RemoteTestNG.initAndRun(RemoteTestNG.java:251)
at org.testng.remote.RemoteTestNG.main(RemoteTestNG.java:77)
]]>
    </error>
  </testcase> <!-- increaseQuantityTest -->
  <system-out/>
  <testcase classname="com.Eme.testcases.cartTestCases" name="emptyCartTest">
    <skipped/>
  </testcase> <!-- emptyCartTest -->
  <system-out/>
  <testcase classname="com.Eme.testcases.cartTestCases" name="isLogoExist">
    <skipped/>
  </testcase> <!-- isLogoExist -->
  <system-out/>
  <testcase classname="com.Eme.testcases.cartTestCases" name="myBagColorTest">
    <skipped/>
  </testcase> <!-- myBagColorTest -->
  <system-out/>
  <testcase classname="com.Eme.testcases.cartTestCases" name="cartStepDataTest">
    <skipped/>
  </testcase> <!-- cartStepDataTest -->
  <system-out/>
  <testcase classname="com.Eme.testcases.cartTestCases" name="loginPopupOpenTest">
    <skipped/>
  </testcase> <!-- loginPopupOpenTest -->
  <system-out/>
  <testcase classname="com.Eme.testcases.cartTestCases" name="emptyCartbtnTest">
    <skipped/>
  </testcase> <!-- emptyCartbtnTest -->
  <system-out/>
</testsuite> <!-- com.Eme.testcases.cartTestCases -->
